19:16:12 INFO  : Registering command handlers for SDK TCF services
19:16:15 INFO  : Launching XSCT server: xsct.bat -interactive C:\Programiranje\ProgramiMAS\Projekt\Vivado\vivado.sdk\temp_xsdb_launch_script.tcl
19:16:23 INFO  : XSCT server has started successfully.
19:16:34 INFO  : Successfully done setting XSCT server connection channel  
19:16:34 INFO  : Processing command line option -hwspec C:/Programiranje/ProgramiMAS/Projekt/Vivado/vivado.sdk/design_1_wrapper.hdf.
19:16:34 INFO  : Successfully done setting SDK workspace  
19:30:42 INFO  : Connected to target on host '127.0.0.1' and port '3121'.
19:30:45 INFO  : 'targets -set -filter {jtag_cable_name =~ "Xilinx PYNQ-Z1 003017A4CE72A" && level==0} -index 1' command is executed.
19:30:47 INFO  : FPGA configured successfully with bitstream "C:/Programiranje/ProgramiMAS/Projekt/Vivado/vivado.sdk/design_1_wrapper_hw_platform_0/design_1_wrapper.bit"
19:33:41 INFO  : 'targets -set -filter {jtag_cable_name =~ "Xilinx PYNQ-Z1 003017A4CE72A" && level==0} -index 1' command is executed.
19:33:41 INFO  : 'fpga -state' command is executed.
19:33:41 INFO  : Connected to target on host '127.0.0.1' and port '3121'.
19:33:41 INFO  : Jtag cable 'Xilinx PYNQ-Z1 003017A4CE72A' is selected.
19:33:41 INFO  : 'jtag frequency' command is executed.
19:33:42 INFO  : Sourcing of 'C:/Programiranje/ProgramiMAS/Projekt/Vivado/vivado.sdk/design_1_wrapper_hw_platform_0/ps7_init.tcl' is done.
19:33:42 INFO  : Context for 'APU' is selected.
19:33:42 INFO  : Hardware design information is loaded from 'C:/Programiranje/ProgramiMAS/Projekt/Vivado/vivado.sdk/design_1_wrapper_hw_platform_0/system.hdf'.
19:33:42 INFO  : 'configparams force-mem-access 1' command is executed.
19:33:42 INFO  : Context for 'APU' is selected.
19:33:42 INFO  : 'stop' command is executed.
19:33:43 INFO  : 'ps7_init' command is executed.
19:33:43 INFO  : 'ps7_post_config' command is executed.
19:33:43 INFO  : Context for processor 'ps7_cortexa9_0' is selected.
19:33:43 INFO  : Processor reset is completed for 'ps7_cortexa9_0'.
19:33:43 INFO  : Context for processor 'ps7_cortexa9_0' is selected.
19:33:43 INFO  : The application 'C:/Programiranje/ProgramiMAS/Projekt/Vivado/vivado.sdk/hello/Debug/hello.elf' is downloaded to processor 'ps7_cortexa9_0'.
19:33:43 INFO  : 'configparams force-mem-access 0' command is executed.
19:33:43 INFO  : ----------------XSDB Script----------------
connect -url tcp:127.0.0.1:3121
source C:/Programiranje/ProgramiMAS/Projekt/Vivado/vivado.sdk/design_1_wrapper_hw_platform_0/ps7_init.tcl
targets -set -nocase -filter {name =~"APU*" && jtag_cable_name =~ "Xilinx PYNQ-Z1 003017A4CE72A"} -index 0
loadhw -hw C:/Programiranje/ProgramiMAS/Projekt/Vivado/vivado.sdk/design_1_wrapper_hw_platform_0/system.hdf -mem-ranges [list {0x40000000 0xbfffffff}]
configparams force-mem-access 1
targets -set -nocase -filter {name =~"APU*" && jtag_cable_name =~ "Xilinx PYNQ-Z1 003017A4CE72A"} -index 0
stop
ps7_init
ps7_post_config
targets -set -nocase -filter {name =~ "ARM*#0" && jtag_cable_name =~ "Xilinx PYNQ-Z1 003017A4CE72A"} -index 0
rst -processor
targets -set -nocase -filter {name =~ "ARM*#0" && jtag_cable_name =~ "Xilinx PYNQ-Z1 003017A4CE72A"} -index 0
dow C:/Programiranje/ProgramiMAS/Projekt/Vivado/vivado.sdk/hello/Debug/hello.elf
configparams force-mem-access 0
----------------End of Script----------------

19:33:43 INFO  : Memory regions updated for context APU
19:33:43 INFO  : Context for processor 'ps7_cortexa9_0' is selected.
19:33:43 INFO  : 'con' command is executed.
19:33:43 INFO  : ----------------XSDB Script (After Launch)----------------
targets -set -nocase -filter {name =~ "ARM*#0" && jtag_cable_name =~ "Xilinx PYNQ-Z1 003017A4CE72A"} -index 0
con
----------------End of Script----------------

19:33:43 INFO  : Launch script is exported to file 'C:\Programiranje\ProgramiMAS\Projekt\Vivado\vivado.sdk\.sdk\launch_scripts\xilinx_c-c++_application_(system_debugger)\system_debugger_using_debug_hello.elf_on_local.tcl'
19:42:46 INFO  : Disconnected from the channel tcfchan#1.
19:42:47 INFO  : 'targets -set -filter {jtag_cable_name =~ "Xilinx PYNQ-Z1 003017A4CE72A" && level==0} -index 1' command is executed.
19:42:47 INFO  : 'fpga -state' command is executed.
19:42:47 INFO  : Connected to target on host '127.0.0.1' and port '3121'.
19:42:48 INFO  : Jtag cable 'Xilinx PYNQ-Z1 003017A4CE72A' is selected.
19:42:48 INFO  : 'jtag frequency' command is executed.
19:42:48 INFO  : Sourcing of 'C:/Programiranje/ProgramiMAS/Projekt/Vivado/vivado.sdk/design_1_wrapper_hw_platform_0/ps7_init.tcl' is done.
19:42:48 INFO  : Context for 'APU' is selected.
19:42:51 INFO  : Hardware design information is loaded from 'C:/Programiranje/ProgramiMAS/Projekt/Vivado/vivado.sdk/design_1_wrapper_hw_platform_0/system.hdf'.
19:42:51 INFO  : 'configparams force-mem-access 1' command is executed.
19:42:51 INFO  : Context for 'APU' is selected.
19:42:51 INFO  : 'stop' command is executed.
19:42:52 INFO  : 'ps7_init' command is executed.
19:42:52 INFO  : 'ps7_post_config' command is executed.
19:42:52 INFO  : Context for processor 'ps7_cortexa9_0' is selected.
19:42:52 INFO  : Processor reset is completed for 'ps7_cortexa9_0'.
19:42:52 INFO  : Context for processor 'ps7_cortexa9_0' is selected.
19:42:52 INFO  : The application 'C:/Programiranje/ProgramiMAS/Projekt/Vivado/vivado.sdk/tt/Debug/tt.elf' is downloaded to processor 'ps7_cortexa9_0'.
19:42:52 INFO  : 'configparams force-mem-access 0' command is executed.
19:42:52 INFO  : ----------------XSDB Script----------------
connect -url tcp:127.0.0.1:3121
source C:/Programiranje/ProgramiMAS/Projekt/Vivado/vivado.sdk/design_1_wrapper_hw_platform_0/ps7_init.tcl
targets -set -nocase -filter {name =~"APU*" && jtag_cable_name =~ "Xilinx PYNQ-Z1 003017A4CE72A"} -index 0
loadhw -hw C:/Programiranje/ProgramiMAS/Projekt/Vivado/vivado.sdk/design_1_wrapper_hw_platform_0/system.hdf -mem-ranges [list {0x40000000 0xbfffffff}]
configparams force-mem-access 1
targets -set -nocase -filter {name =~"APU*" && jtag_cable_name =~ "Xilinx PYNQ-Z1 003017A4CE72A"} -index 0
stop
ps7_init
ps7_post_config
targets -set -nocase -filter {name =~ "ARM*#0" && jtag_cable_name =~ "Xilinx PYNQ-Z1 003017A4CE72A"} -index 0
rst -processor
targets -set -nocase -filter {name =~ "ARM*#0" && jtag_cable_name =~ "Xilinx PYNQ-Z1 003017A4CE72A"} -index 0
dow C:/Programiranje/ProgramiMAS/Projekt/Vivado/vivado.sdk/tt/Debug/tt.elf
configparams force-mem-access 0
----------------End of Script----------------

19:42:53 INFO  : Memory regions updated for context APU
19:42:53 INFO  : Context for processor 'ps7_cortexa9_0' is selected.
19:42:53 INFO  : 'con' command is executed.
19:42:53 INFO  : ----------------XSDB Script (After Launch)----------------
targets -set -nocase -filter {name =~ "ARM*#0" && jtag_cable_name =~ "Xilinx PYNQ-Z1 003017A4CE72A"} -index 0
con
----------------End of Script----------------

19:42:53 INFO  : Launch script is exported to file 'C:\Programiranje\ProgramiMAS\Projekt\Vivado\vivado.sdk\.sdk\launch_scripts\xilinx_c-c++_application_(system_debugger)\system_debugger_using_debug_tt.elf_on_local.tcl'
19:43:37 INFO  : Disconnected from the channel tcfchan#2.
19:43:38 INFO  : 'targets -set -filter {jtag_cable_name =~ "Xilinx PYNQ-Z1 003017A4CE72A" && level==0} -index 1' command is executed.
19:43:38 INFO  : 'fpga -state' command is executed.
19:43:38 INFO  : Connected to target on host '127.0.0.1' and port '3121'.
19:43:39 INFO  : Jtag cable 'Xilinx PYNQ-Z1 003017A4CE72A' is selected.
19:43:39 INFO  : 'jtag frequency' command is executed.
19:43:39 INFO  : Sourcing of 'C:/Programiranje/ProgramiMAS/Projekt/Vivado/vivado.sdk/design_1_wrapper_hw_platform_0/ps7_init.tcl' is done.
19:43:39 INFO  : Context for 'APU' is selected.
19:43:43 INFO  : Hardware design information is loaded from 'C:/Programiranje/ProgramiMAS/Projekt/Vivado/vivado.sdk/design_1_wrapper_hw_platform_0/system.hdf'.
19:43:43 INFO  : 'configparams force-mem-access 1' command is executed.
19:43:44 INFO  : Context for 'APU' is selected.
19:43:44 INFO  : 'stop' command is executed.
19:43:45 INFO  : 'ps7_init' command is executed.
19:43:45 INFO  : 'ps7_post_config' command is executed.
19:43:45 INFO  : Context for processor 'ps7_cortexa9_0' is selected.
19:43:45 INFO  : Processor reset is completed for 'ps7_cortexa9_0'.
19:43:45 INFO  : Context for processor 'ps7_cortexa9_0' is selected.
19:43:46 INFO  : The application 'C:/Programiranje/ProgramiMAS/Projekt/Vivado/vivado.sdk/tt/Debug/tt.elf' is downloaded to processor 'ps7_cortexa9_0'.
19:43:46 INFO  : 'configparams force-mem-access 0' command is executed.
19:43:46 INFO  : ----------------XSDB Script----------------
connect -url tcp:127.0.0.1:3121
source C:/Programiranje/ProgramiMAS/Projekt/Vivado/vivado.sdk/design_1_wrapper_hw_platform_0/ps7_init.tcl
targets -set -nocase -filter {name =~"APU*" && jtag_cable_name =~ "Xilinx PYNQ-Z1 003017A4CE72A"} -index 0
loadhw -hw C:/Programiranje/ProgramiMAS/Projekt/Vivado/vivado.sdk/design_1_wrapper_hw_platform_0/system.hdf -mem-ranges [list {0x40000000 0xbfffffff}]
configparams force-mem-access 1
targets -set -nocase -filter {name =~"APU*" && jtag_cable_name =~ "Xilinx PYNQ-Z1 003017A4CE72A"} -index 0
stop
ps7_init
ps7_post_config
targets -set -nocase -filter {name =~ "ARM*#0" && jtag_cable_name =~ "Xilinx PYNQ-Z1 003017A4CE72A"} -index 0
rst -processor
targets -set -nocase -filter {name =~ "ARM*#0" && jtag_cable_name =~ "Xilinx PYNQ-Z1 003017A4CE72A"} -index 0
dow C:/Programiranje/ProgramiMAS/Projekt/Vivado/vivado.sdk/tt/Debug/tt.elf
configparams force-mem-access 0
----------------End of Script----------------

19:43:46 INFO  : Memory regions updated for context APU
19:43:46 INFO  : Context for processor 'ps7_cortexa9_0' is selected.
19:43:46 INFO  : 'con' command is executed.
19:43:46 INFO  : ----------------XSDB Script (After Launch)----------------
targets -set -nocase -filter {name =~ "ARM*#0" && jtag_cable_name =~ "Xilinx PYNQ-Z1 003017A4CE72A"} -index 0
con
----------------End of Script----------------

19:43:46 INFO  : Launch script is exported to file 'C:\Programiranje\ProgramiMAS\Projekt\Vivado\vivado.sdk\.sdk\launch_scripts\xilinx_c-c++_application_(system_debugger)\system_debugger_using_debug_tt.elf_on_local.tcl'
19:46:42 INFO  : Disconnected from the channel tcfchan#3.
19:47:24 INFO  : 'targets -set -filter {jtag_cable_name =~ "Xilinx PYNQ-Z1 003017A4CE72A" && level==0} -index 1' command is executed.
19:47:25 INFO  : 'fpga -state' command is executed.
19:47:25 INFO  : Connected to target on host '127.0.0.1' and port '3121'.
19:47:25 INFO  : Jtag cable 'Xilinx PYNQ-Z1 003017A4CE72A' is selected.
19:47:25 INFO  : 'jtag frequency' command is executed.
19:47:25 INFO  : Sourcing of 'C:/Programiranje/ProgramiMAS/Projekt/Vivado/vivado.sdk/design_1_wrapper_hw_platform_0/ps7_init.tcl' is done.
19:47:25 INFO  : Context for 'APU' is selected.
19:47:28 INFO  : Hardware design information is loaded from 'C:/Programiranje/ProgramiMAS/Projekt/Vivado/vivado.sdk/design_1_wrapper_hw_platform_0/system.hdf'.
19:47:28 INFO  : 'configparams force-mem-access 1' command is executed.
19:47:28 INFO  : Context for 'APU' is selected.
19:47:28 INFO  : 'stop' command is executed.
19:47:29 INFO  : 'ps7_init' command is executed.
19:47:29 INFO  : 'ps7_post_config' command is executed.
19:47:29 INFO  : Context for processor 'ps7_cortexa9_0' is selected.
19:47:29 INFO  : Processor reset is completed for 'ps7_cortexa9_0'.
19:47:29 INFO  : Context for processor 'ps7_cortexa9_0' is selected.
19:47:29 INFO  : The application 'C:/Programiranje/ProgramiMAS/Projekt/Vivado/vivado.sdk/tt/Debug/tt.elf' is downloaded to processor 'ps7_cortexa9_0'.
19:47:29 INFO  : 'configparams force-mem-access 0' command is executed.
19:47:29 INFO  : ----------------XSDB Script----------------
connect -url tcp:127.0.0.1:3121
source C:/Programiranje/ProgramiMAS/Projekt/Vivado/vivado.sdk/design_1_wrapper_hw_platform_0/ps7_init.tcl
targets -set -nocase -filter {name =~"APU*" && jtag_cable_name =~ "Xilinx PYNQ-Z1 003017A4CE72A"} -index 0
loadhw -hw C:/Programiranje/ProgramiMAS/Projekt/Vivado/vivado.sdk/design_1_wrapper_hw_platform_0/system.hdf -mem-ranges [list {0x40000000 0xbfffffff}]
configparams force-mem-access 1
targets -set -nocase -filter {name =~"APU*" && jtag_cable_name =~ "Xilinx PYNQ-Z1 003017A4CE72A"} -index 0
stop
ps7_init
ps7_post_config
targets -set -nocase -filter {name =~ "ARM*#0" && jtag_cable_name =~ "Xilinx PYNQ-Z1 003017A4CE72A"} -index 0
rst -processor
targets -set -nocase -filter {name =~ "ARM*#0" && jtag_cable_name =~ "Xilinx PYNQ-Z1 003017A4CE72A"} -index 0
dow C:/Programiranje/ProgramiMAS/Projekt/Vivado/vivado.sdk/tt/Debug/tt.elf
configparams force-mem-access 0
----------------End of Script----------------

19:47:29 INFO  : Memory regions updated for context APU
19:47:30 INFO  : Context for processor 'ps7_cortexa9_0' is selected.
19:47:30 INFO  : 'con' command is executed.
19:47:30 INFO  : ----------------XSDB Script (After Launch)----------------
targets -set -nocase -filter {name =~ "ARM*#0" && jtag_cable_name =~ "Xilinx PYNQ-Z1 003017A4CE72A"} -index 0
con
----------------End of Script----------------

19:47:30 INFO  : Launch script is exported to file 'C:\Programiranje\ProgramiMAS\Projekt\Vivado\vivado.sdk\.sdk\launch_scripts\xilinx_c-c++_application_(system_debugger)\system_debugger_using_debug_tt.elf_on_local.tcl'
20:03:23 INFO  : Disconnected from the channel tcfchan#4.
20:03:24 INFO  : 'targets -set -filter {jtag_cable_name =~ "Xilinx PYNQ-Z1 003017A4CE72A" && level==0} -index 1' command is executed.
20:03:24 INFO  : 'fpga -state' command is executed.
20:03:24 INFO  : Connected to target on host '127.0.0.1' and port '3121'.
20:03:24 INFO  : Jtag cable 'Xilinx PYNQ-Z1 003017A4CE72A' is selected.
20:03:24 INFO  : 'jtag frequency' command is executed.
20:03:24 INFO  : Sourcing of 'C:/Programiranje/ProgramiMAS/Projekt/Vivado/vivado.sdk/design_1_wrapper_hw_platform_0/ps7_init.tcl' is done.
20:03:24 INFO  : Context for 'APU' is selected.
20:03:31 INFO  : Hardware design information is loaded from 'C:/Programiranje/ProgramiMAS/Projekt/Vivado/vivado.sdk/design_1_wrapper_hw_platform_0/system.hdf'.
20:03:31 INFO  : 'configparams force-mem-access 1' command is executed.
20:03:31 INFO  : Context for 'APU' is selected.
20:03:31 INFO  : 'stop' command is executed.
20:03:32 INFO  : 'ps7_init' command is executed.
20:03:32 INFO  : 'ps7_post_config' command is executed.
20:03:32 INFO  : Context for processor 'ps7_cortexa9_0' is selected.
20:03:32 INFO  : Processor reset is completed for 'ps7_cortexa9_0'.
20:03:32 INFO  : Context for processor 'ps7_cortexa9_0' is selected.
20:03:33 INFO  : The application 'C:/Programiranje/ProgramiMAS/Projekt/Vivado/vivado.sdk/echo/Debug/echo.elf' is downloaded to processor 'ps7_cortexa9_0'.
20:03:33 INFO  : 'configparams force-mem-access 0' command is executed.
20:03:33 INFO  : ----------------XSDB Script----------------
connect -url tcp:127.0.0.1:3121
source C:/Programiranje/ProgramiMAS/Projekt/Vivado/vivado.sdk/design_1_wrapper_hw_platform_0/ps7_init.tcl
targets -set -nocase -filter {name =~"APU*" && jtag_cable_name =~ "Xilinx PYNQ-Z1 003017A4CE72A"} -index 0
loadhw -hw C:/Programiranje/ProgramiMAS/Projekt/Vivado/vivado.sdk/design_1_wrapper_hw_platform_0/system.hdf -mem-ranges [list {0x40000000 0xbfffffff}]
configparams force-mem-access 1
targets -set -nocase -filter {name =~"APU*" && jtag_cable_name =~ "Xilinx PYNQ-Z1 003017A4CE72A"} -index 0
stop
ps7_init
ps7_post_config
targets -set -nocase -filter {name =~ "ARM*#0" && jtag_cable_name =~ "Xilinx PYNQ-Z1 003017A4CE72A"} -index 0
rst -processor
targets -set -nocase -filter {name =~ "ARM*#0" && jtag_cable_name =~ "Xilinx PYNQ-Z1 003017A4CE72A"} -index 0
dow C:/Programiranje/ProgramiMAS/Projekt/Vivado/vivado.sdk/echo/Debug/echo.elf
configparams force-mem-access 0
----------------End of Script----------------

20:03:33 INFO  : Memory regions updated for context APU
20:03:33 INFO  : Context for processor 'ps7_cortexa9_0' is selected.
20:03:33 INFO  : 'con' command is executed.
20:03:33 INFO  : ----------------XSDB Script (After Launch)----------------
targets -set -nocase -filter {name =~ "ARM*#0" && jtag_cable_name =~ "Xilinx PYNQ-Z1 003017A4CE72A"} -index 0
con
----------------End of Script----------------

20:03:33 INFO  : Launch script is exported to file 'C:\Programiranje\ProgramiMAS\Projekt\Vivado\vivado.sdk\.sdk\launch_scripts\xilinx_c-c++_application_(system_debugger)\system_debugger_using_debug_echo.elf_on_local.tcl'
20:04:22 INFO  : Disconnected from the channel tcfchan#5.
20:04:23 INFO  : 'targets -set -filter {jtag_cable_name =~ "Xilinx PYNQ-Z1 003017A4CE72A" && level==0} -index 1' command is executed.
20:04:23 INFO  : 'fpga -state' command is executed.
20:04:23 INFO  : Connected to target on host '127.0.0.1' and port '3121'.
20:04:24 INFO  : Jtag cable 'Xilinx PYNQ-Z1 003017A4CE72A' is selected.
20:04:24 INFO  : 'jtag frequency' command is executed.
20:04:24 INFO  : Sourcing of 'C:/Programiranje/ProgramiMAS/Projekt/Vivado/vivado.sdk/design_1_wrapper_hw_platform_0/ps7_init.tcl' is done.
20:04:24 INFO  : Context for 'APU' is selected.
20:04:27 INFO  : Hardware design information is loaded from 'C:/Programiranje/ProgramiMAS/Projekt/Vivado/vivado.sdk/design_1_wrapper_hw_platform_0/system.hdf'.
20:04:27 INFO  : 'configparams force-mem-access 1' command is executed.
20:04:27 INFO  : Context for 'APU' is selected.
20:04:27 INFO  : 'stop' command is executed.
20:04:28 INFO  : 'ps7_init' command is executed.
20:04:28 INFO  : 'ps7_post_config' command is executed.
20:04:28 INFO  : Context for processor 'ps7_cortexa9_0' is selected.
20:04:28 INFO  : Processor reset is completed for 'ps7_cortexa9_0'.
20:04:28 INFO  : Context for processor 'ps7_cortexa9_0' is selected.
20:04:28 INFO  : The application 'C:/Programiranje/ProgramiMAS/Projekt/Vivado/vivado.sdk/echo/Debug/echo.elf' is downloaded to processor 'ps7_cortexa9_0'.
20:04:28 INFO  : 'configparams force-mem-access 0' command is executed.
20:04:28 INFO  : ----------------XSDB Script----------------
connect -url tcp:127.0.0.1:3121
source C:/Programiranje/ProgramiMAS/Projekt/Vivado/vivado.sdk/design_1_wrapper_hw_platform_0/ps7_init.tcl
targets -set -nocase -filter {name =~"APU*" && jtag_cable_name =~ "Xilinx PYNQ-Z1 003017A4CE72A"} -index 0
loadhw -hw C:/Programiranje/ProgramiMAS/Projekt/Vivado/vivado.sdk/design_1_wrapper_hw_platform_0/system.hdf -mem-ranges [list {0x40000000 0xbfffffff}]
configparams force-mem-access 1
targets -set -nocase -filter {name =~"APU*" && jtag_cable_name =~ "Xilinx PYNQ-Z1 003017A4CE72A"} -index 0
stop
ps7_init
ps7_post_config
targets -set -nocase -filter {name =~ "ARM*#0" && jtag_cable_name =~ "Xilinx PYNQ-Z1 003017A4CE72A"} -index 0
rst -processor
targets -set -nocase -filter {name =~ "ARM*#0" && jtag_cable_name =~ "Xilinx PYNQ-Z1 003017A4CE72A"} -index 0
dow C:/Programiranje/ProgramiMAS/Projekt/Vivado/vivado.sdk/echo/Debug/echo.elf
configparams force-mem-access 0
----------------End of Script----------------

20:04:29 INFO  : Memory regions updated for context APU
20:04:29 INFO  : Context for processor 'ps7_cortexa9_0' is selected.
20:04:29 INFO  : 'con' command is executed.
20:04:29 INFO  : ----------------XSDB Script (After Launch)----------------
targets -set -nocase -filter {name =~ "ARM*#0" && jtag_cable_name =~ "Xilinx PYNQ-Z1 003017A4CE72A"} -index 0
con
----------------End of Script----------------

20:04:29 INFO  : Launch script is exported to file 'C:\Programiranje\ProgramiMAS\Projekt\Vivado\vivado.sdk\.sdk\launch_scripts\xilinx_c-c++_application_(system_debugger)\system_debugger_using_debug_echo.elf_on_local.tcl'
20:06:33 INFO  : Disconnected from the channel tcfchan#6.
20:43:00 INFO  : 'targets -set -filter {jtag_cable_name =~ "Xilinx PYNQ-Z1 003017A4CE72A" && level==0} -index 1' command is executed.
20:43:00 INFO  : 'fpga -state' command is executed.
20:43:03 INFO  : Memory regions updated for context APU
20:43:08 INFO  : Connected to target on host '127.0.0.1' and port '3121'.
20:43:09 INFO  : 'targets -set -filter {jtag_cable_name =~ "Xilinx PYNQ-Z1 003017A4CE72A" && level==0} -index 1' command is executed.
20:43:11 INFO  : FPGA configured successfully with bitstream "C:/Programiranje/ProgramiMAS/Projekt/Vivado/vivado.sdk/design_1_wrapper_hw_platform_0/design_1_wrapper.bit"
20:43:50 INFO  : 'targets -set -filter {jtag_cable_name =~ "Xilinx PYNQ-Z1 003017A4CE72A" && level==0} -index 1' command is executed.
20:43:50 INFO  : 'fpga -state' command is executed.
20:43:50 INFO  : Connected to target on host '127.0.0.1' and port '3121'.
20:43:51 INFO  : Jtag cable 'Xilinx PYNQ-Z1 003017A4CE72A' is selected.
20:43:51 INFO  : 'jtag frequency' command is executed.
20:43:51 INFO  : Sourcing of 'C:/Programiranje/ProgramiMAS/Projekt/Vivado/vivado.sdk/design_1_wrapper_hw_platform_0/ps7_init.tcl' is done.
20:43:51 INFO  : Context for 'APU' is selected.
20:43:51 INFO  : Hardware design information is loaded from 'C:/Programiranje/ProgramiMAS/Projekt/Vivado/vivado.sdk/design_1_wrapper_hw_platform_0/system.hdf'.
20:43:51 INFO  : 'configparams force-mem-access 1' command is executed.
20:43:51 INFO  : Context for 'APU' is selected.
20:43:51 INFO  : 'stop' command is executed.
20:43:52 INFO  : 'ps7_init' command is executed.
20:43:52 INFO  : 'ps7_post_config' command is executed.
20:43:52 INFO  : Context for processor 'ps7_cortexa9_0' is selected.
20:43:53 INFO  : Processor reset is completed for 'ps7_cortexa9_0'.
20:43:53 INFO  : Context for processor 'ps7_cortexa9_0' is selected.
20:43:53 INFO  : The application 'C:/Programiranje/ProgramiMAS/Projekt/Vivado/vivado.sdk/led/Debug/led.elf' is downloaded to processor 'ps7_cortexa9_0'.
20:43:53 INFO  : 'configparams force-mem-access 0' command is executed.
20:43:53 INFO  : ----------------XSDB Script----------------
connect -url tcp:127.0.0.1:3121
source C:/Programiranje/ProgramiMAS/Projekt/Vivado/vivado.sdk/design_1_wrapper_hw_platform_0/ps7_init.tcl
targets -set -nocase -filter {name =~"APU*" && jtag_cable_name =~ "Xilinx PYNQ-Z1 003017A4CE72A"} -index 0
loadhw -hw C:/Programiranje/ProgramiMAS/Projekt/Vivado/vivado.sdk/design_1_wrapper_hw_platform_0/system.hdf -mem-ranges [list {0x40000000 0xbfffffff}]
configparams force-mem-access 1
targets -set -nocase -filter {name =~"APU*" && jtag_cable_name =~ "Xilinx PYNQ-Z1 003017A4CE72A"} -index 0
stop
ps7_init
ps7_post_config
targets -set -nocase -filter {name =~ "ARM*#0" && jtag_cable_name =~ "Xilinx PYNQ-Z1 003017A4CE72A"} -index 0
rst -processor
targets -set -nocase -filter {name =~ "ARM*#0" && jtag_cable_name =~ "Xilinx PYNQ-Z1 003017A4CE72A"} -index 0
dow C:/Programiranje/ProgramiMAS/Projekt/Vivado/vivado.sdk/led/Debug/led.elf
configparams force-mem-access 0
----------------End of Script----------------

20:43:53 INFO  : Memory regions updated for context APU
20:43:54 INFO  : Context for processor 'ps7_cortexa9_0' is selected.
20:43:54 INFO  : 'con' command is executed.
20:43:54 INFO  : ----------------XSDB Script (After Launch)----------------
targets -set -nocase -filter {name =~ "ARM*#0" && jtag_cable_name =~ "Xilinx PYNQ-Z1 003017A4CE72A"} -index 0
con
----------------End of Script----------------

20:43:54 INFO  : Launch script is exported to file 'C:\Programiranje\ProgramiMAS\Projekt\Vivado\vivado.sdk\.sdk\launch_scripts\xilinx_c-c++_application_(system_debugger)\system_debugger_using_debug_led.elf_on_local.tcl'
20:55:13 INFO  : Disconnected from the channel tcfchan#7.
20:55:14 INFO  : 'targets -set -filter {jtag_cable_name =~ "Xilinx PYNQ-Z1 003017A4CE72A" && level==0} -index 1' command is executed.
20:55:14 INFO  : 'fpga -state' command is executed.
20:55:14 INFO  : Connected to target on host '127.0.0.1' and port '3121'.
20:55:15 INFO  : Jtag cable 'Xilinx PYNQ-Z1 003017A4CE72A' is selected.
20:55:15 INFO  : 'jtag frequency' command is executed.
20:55:15 INFO  : Sourcing of 'C:/Programiranje/ProgramiMAS/Projekt/Vivado/vivado.sdk/design_1_wrapper_hw_platform_0/ps7_init.tcl' is done.
20:55:15 INFO  : Context for 'APU' is selected.
20:55:22 INFO  : Hardware design information is loaded from 'C:/Programiranje/ProgramiMAS/Projekt/Vivado/vivado.sdk/design_1_wrapper_hw_platform_0/system.hdf'.
20:55:22 INFO  : 'configparams force-mem-access 1' command is executed.
20:55:22 INFO  : Context for 'APU' is selected.
20:55:22 INFO  : 'stop' command is executed.
20:55:23 INFO  : 'ps7_init' command is executed.
20:55:23 INFO  : 'ps7_post_config' command is executed.
20:55:23 INFO  : Context for processor 'ps7_cortexa9_0' is selected.
20:55:23 INFO  : Processor reset is completed for 'ps7_cortexa9_0'.
20:55:23 INFO  : Context for processor 'ps7_cortexa9_0' is selected.
20:55:24 INFO  : The application 'C:/Programiranje/ProgramiMAS/Projekt/Vivado/vivado.sdk/led/Debug/led.elf' is downloaded to processor 'ps7_cortexa9_0'.
20:55:24 INFO  : 'configparams force-mem-access 0' command is executed.
20:55:24 INFO  : ----------------XSDB Script----------------
connect -url tcp:127.0.0.1:3121
source C:/Programiranje/ProgramiMAS/Projekt/Vivado/vivado.sdk/design_1_wrapper_hw_platform_0/ps7_init.tcl
targets -set -nocase -filter {name =~"APU*" && jtag_cable_name =~ "Xilinx PYNQ-Z1 003017A4CE72A"} -index 0
loadhw -hw C:/Programiranje/ProgramiMAS/Projekt/Vivado/vivado.sdk/design_1_wrapper_hw_platform_0/system.hdf -mem-ranges [list {0x40000000 0xbfffffff}]
configparams force-mem-access 1
targets -set -nocase -filter {name =~"APU*" && jtag_cable_name =~ "Xilinx PYNQ-Z1 003017A4CE72A"} -index 0
stop
ps7_init
ps7_post_config
targets -set -nocase -filter {name =~ "ARM*#0" && jtag_cable_name =~ "Xilinx PYNQ-Z1 003017A4CE72A"} -index 0
rst -processor
targets -set -nocase -filter {name =~ "ARM*#0" && jtag_cable_name =~ "Xilinx PYNQ-Z1 003017A4CE72A"} -index 0
dow C:/Programiranje/ProgramiMAS/Projekt/Vivado/vivado.sdk/led/Debug/led.elf
configparams force-mem-access 0
----------------End of Script----------------

20:55:24 INFO  : Memory regions updated for context APU
20:55:24 INFO  : Context for processor 'ps7_cortexa9_0' is selected.
20:55:24 INFO  : 'con' command is executed.
20:55:24 INFO  : ----------------XSDB Script (After Launch)----------------
targets -set -nocase -filter {name =~ "ARM*#0" && jtag_cable_name =~ "Xilinx PYNQ-Z1 003017A4CE72A"} -index 0
con
----------------End of Script----------------

20:55:24 INFO  : Launch script is exported to file 'C:\Programiranje\ProgramiMAS\Projekt\Vivado\vivado.sdk\.sdk\launch_scripts\xilinx_c-c++_application_(system_debugger)\system_debugger_using_debug_led.elf_on_local.tcl'
21:00:59 INFO  : Disconnected from the channel tcfchan#8.
21:01:01 INFO  : 'targets -set -filter {jtag_cable_name =~ "Xilinx PYNQ-Z1 003017A4CE72A" && level==0} -index 1' command is executed.
21:01:01 INFO  : 'fpga -state' command is executed.
21:01:01 INFO  : Connected to target on host '127.0.0.1' and port '3121'.
21:01:01 INFO  : Jtag cable 'Xilinx PYNQ-Z1 003017A4CE72A' is selected.
21:01:01 INFO  : 'jtag frequency' command is executed.
21:01:01 INFO  : Sourcing of 'C:/Programiranje/ProgramiMAS/Projekt/Vivado/vivado.sdk/design_1_wrapper_hw_platform_0/ps7_init.tcl' is done.
21:01:01 INFO  : Context for 'APU' is selected.
21:01:06 INFO  : Hardware design information is loaded from 'C:/Programiranje/ProgramiMAS/Projekt/Vivado/vivado.sdk/design_1_wrapper_hw_platform_0/system.hdf'.
21:01:06 INFO  : 'configparams force-mem-access 1' command is executed.
21:01:06 INFO  : Context for 'APU' is selected.
21:01:06 INFO  : 'stop' command is executed.
21:01:07 INFO  : 'ps7_init' command is executed.
21:01:07 INFO  : 'ps7_post_config' command is executed.
21:01:07 INFO  : Context for processor 'ps7_cortexa9_0' is selected.
21:01:07 INFO  : Processor reset is completed for 'ps7_cortexa9_0'.
21:01:07 INFO  : Context for processor 'ps7_cortexa9_0' is selected.
21:01:08 INFO  : The application 'C:/Programiranje/ProgramiMAS/Projekt/Vivado/vivado.sdk/led/Debug/led.elf' is downloaded to processor 'ps7_cortexa9_0'.
21:01:08 INFO  : 'configparams force-mem-access 0' command is executed.
21:01:08 INFO  : ----------------XSDB Script----------------
connect -url tcp:127.0.0.1:3121
source C:/Programiranje/ProgramiMAS/Projekt/Vivado/vivado.sdk/design_1_wrapper_hw_platform_0/ps7_init.tcl
targets -set -nocase -filter {name =~"APU*" && jtag_cable_name =~ "Xilinx PYNQ-Z1 003017A4CE72A"} -index 0
loadhw -hw C:/Programiranje/ProgramiMAS/Projekt/Vivado/vivado.sdk/design_1_wrapper_hw_platform_0/system.hdf -mem-ranges [list {0x40000000 0xbfffffff}]
configparams force-mem-access 1
targets -set -nocase -filter {name =~"APU*" && jtag_cable_name =~ "Xilinx PYNQ-Z1 003017A4CE72A"} -index 0
stop
ps7_init
ps7_post_config
targets -set -nocase -filter {name =~ "ARM*#0" && jtag_cable_name =~ "Xilinx PYNQ-Z1 003017A4CE72A"} -index 0
rst -processor
targets -set -nocase -filter {name =~ "ARM*#0" && jtag_cable_name =~ "Xilinx PYNQ-Z1 003017A4CE72A"} -index 0
dow C:/Programiranje/ProgramiMAS/Projekt/Vivado/vivado.sdk/led/Debug/led.elf
configparams force-mem-access 0
----------------End of Script----------------

21:01:08 INFO  : Memory regions updated for context APU
21:01:08 INFO  : Context for processor 'ps7_cortexa9_0' is selected.
21:01:08 INFO  : 'con' command is executed.
21:01:08 INFO  : ----------------XSDB Script (After Launch)----------------
targets -set -nocase -filter {name =~ "ARM*#0" && jtag_cable_name =~ "Xilinx PYNQ-Z1 003017A4CE72A"} -index 0
con
----------------End of Script----------------

21:01:08 INFO  : Launch script is exported to file 'C:\Programiranje\ProgramiMAS\Projekt\Vivado\vivado.sdk\.sdk\launch_scripts\xilinx_c-c++_application_(system_debugger)\system_debugger_using_debug_led.elf_on_local.tcl'
21:09:51 INFO  : Disconnected from the channel tcfchan#9.
21:13:39 INFO  : Registering command handlers for SDK TCF services
21:13:41 INFO  : Launching XSCT server: xsct.bat -interactive C:\Programiranje\ProgramiMAS\Projekt\MAS_kamera\Vivado\vivado.sdk\temp_xsdb_launch_script.tcl
21:13:46 INFO  : XSCT server has started successfully.
21:13:47 INFO  : Processing command line option -hwspec C:/Programiranje/ProgramiMAS/Projekt/MAS_kamera/Vivado/vivado.sdk/design_1_wrapper.hdf.
21:13:47 INFO  : Successfully done setting XSCT server connection channel  
21:13:47 INFO  : Successfully done setting SDK workspace  
21:15:24 INFO  : 'targets -set -filter {jtag_cable_name =~ "Xilinx PYNQ-Z1 003017A4CE72A" && level==0} -index 1' command is executed.
21:15:24 INFO  : 'fpga -state' command is executed.
21:15:24 INFO  : Connected to target on host '127.0.0.1' and port '3121'.
21:15:25 INFO  : Jtag cable 'Xilinx PYNQ-Z1 003017A4CE72A' is selected.
21:15:25 INFO  : 'jtag frequency' command is executed.
21:15:25 INFO  : Sourcing of 'C:/Programiranje/ProgramiMAS/Projekt/MAS_kamera/Vivado/vivado.sdk/design_1_wrapper_hw_platform_0/ps7_init.tcl' is done.
21:15:25 INFO  : Context for 'APU' is selected.
21:15:25 INFO  : Hardware design information is loaded from 'C:/Programiranje/ProgramiMAS/Projekt/MAS_kamera/Vivado/vivado.sdk/design_1_wrapper_hw_platform_0/system.hdf'.
21:15:25 INFO  : 'configparams force-mem-access 1' command is executed.
21:15:25 INFO  : Context for 'APU' is selected.
21:15:25 INFO  : 'stop' command is executed.
21:15:26 INFO  : 'ps7_init' command is executed.
21:15:26 INFO  : 'ps7_post_config' command is executed.
21:15:26 INFO  : Context for processor 'ps7_cortexa9_0' is selected.
21:15:27 INFO  : Processor reset is completed for 'ps7_cortexa9_0'.
21:15:27 INFO  : Context for processor 'ps7_cortexa9_0' is selected.
21:15:27 INFO  : The application 'C:/Programiranje/ProgramiMAS/Projekt/MAS_kamera/Vivado/vivado.sdk/led/Debug/led.elf' is downloaded to processor 'ps7_cortexa9_0'.
21:15:27 INFO  : 'configparams force-mem-access 0' command is executed.
21:15:27 INFO  : ----------------XSDB Script----------------
connect -url tcp:127.0.0.1:3121
source C:/Programiranje/ProgramiMAS/Projekt/MAS_kamera/Vivado/vivado.sdk/design_1_wrapper_hw_platform_0/ps7_init.tcl
targets -set -nocase -filter {name =~"APU*" && jtag_cable_name =~ "Xilinx PYNQ-Z1 003017A4CE72A"} -index 0
loadhw -hw C:/Programiranje/ProgramiMAS/Projekt/MAS_kamera/Vivado/vivado.sdk/design_1_wrapper_hw_platform_0/system.hdf -mem-ranges [list {0x40000000 0xbfffffff}]
configparams force-mem-access 1
targets -set -nocase -filter {name =~"APU*" && jtag_cable_name =~ "Xilinx PYNQ-Z1 003017A4CE72A"} -index 0
stop
ps7_init
ps7_post_config
targets -set -nocase -filter {name =~ "ARM*#0" && jtag_cable_name =~ "Xilinx PYNQ-Z1 003017A4CE72A"} -index 0
rst -processor
targets -set -nocase -filter {name =~ "ARM*#0" && jtag_cable_name =~ "Xilinx PYNQ-Z1 003017A4CE72A"} -index 0
dow C:/Programiranje/ProgramiMAS/Projekt/MAS_kamera/Vivado/vivado.sdk/led/Debug/led.elf
configparams force-mem-access 0
----------------End of Script----------------

21:15:27 INFO  : Memory regions updated for context APU
21:15:28 INFO  : Context for processor 'ps7_cortexa9_0' is selected.
21:15:28 INFO  : 'con' command is executed.
21:15:28 INFO  : ----------------XSDB Script (After Launch)----------------
targets -set -nocase -filter {name =~ "ARM*#0" && jtag_cable_name =~ "Xilinx PYNQ-Z1 003017A4CE72A"} -index 0
con
----------------End of Script----------------

21:15:28 INFO  : Launch script is exported to file 'C:\Programiranje\ProgramiMAS\Projekt\MAS_kamera\Vivado\vivado.sdk\.sdk\launch_scripts\xilinx_c-c++_application_(system_debugger)\system_debugger_using_debug_led.elf_on_local.tcl'
21:17:11 INFO  : Disconnected from the channel tcfchan#1.
