#-----------------------------------------------------------
# Vivado v2018.2 (64-bit)
# SW Build 2258646 on Thu Jun 14 20:03:12 MDT 2018
# IP Build 2256618 on Thu Jun 14 22:10:49 MDT 2018
# Start of session at: Sun Dec 16 21:11:41 2018
# Process ID: 11560
# Current directory: C:/Programiranje/ProgramiMAS/Projekt/MAS_kamera/Vivado
# Command line: vivado.exe -gui_launcher_event rodinguilauncherevent8460 C:\Programiranje\ProgramiMAS\Projekt\MAS_kamera\Vivado\vivado.xpr
# Log file: C:/Programiranje/ProgramiMAS/Projekt/MAS_kamera/Vivado/vivado.log
# Journal file: C:/Programiranje/ProgramiMAS/Projekt/MAS_kamera/Vivado\vivado.jou
#-----------------------------------------------------------
start_gui
open_project C:/Programiranje/ProgramiMAS/Projekt/MAS_kamera/Vivado/vivado.xpr
INFO: [Project 1-313] Project file moved from 'C:/Programiranje/ProgramiMAS/Projekt/Vivado' since last save.
WARNING: [Project 1-312] File not found as 'C:/Programiranje/ProgramiMAS/Projekt/MAS_kamera/PYNQ_const.xdc'; using path 'C:/Programiranje/ProgramiMAS/Projekt/PYNQ_const.xdc' instead.
Scanning sources...
Finished scanning sources
WARNING: [Project 1-312] File not found as 'C:/Programiranje/ProgramiMAS/Projekt/MAS_kamera/PYNQ_const.xdc'; using path 'C:/Programiranje/ProgramiMAS/Projekt/PYNQ_const.xdc' instead.
WARNING: [Project 1-312] File not found as 'C:/Programiranje/ProgramiMAS/Projekt/MAS_kamera/PYNQ_const.xdc'; using path 'C:/Programiranje/ProgramiMAS/Projekt/PYNQ_const.xdc' instead.
INFO: [IP_Flow 19-234] Refreshing IP repositories
INFO: [IP_Flow 19-1704] No user IP repositories specified
INFO: [IP_Flow 19-2313] Loaded Vivado IP repository 'D:/Xilinx/Vivado/2018.2/data/ip'.
open_project: Time (s): cpu = 00:00:27 ; elapsed = 00:00:24 . Memory (MB): peak = 817.277 ; gain = 104.348
update_compile_order -fileset sources_1
launch_sdk -workspace C:/Programiranje/ProgramiMAS/Projekt/MAS_kamera/Vivado/vivado.sdk -hwspec C:/Programiranje/ProgramiMAS/Projekt/MAS_kamera/Vivado/vivado.sdk/design_1_wrapper.hdf
INFO: [Vivado 12-393] Launching SDK...
INFO: [Vivado 12-417] Running xsdk -workspace C:/Programiranje/ProgramiMAS/Projekt/MAS_kamera/Vivado/vivado.sdk -hwspec C:/Programiranje/ProgramiMAS/Projekt/MAS_kamera/Vivado/vivado.sdk/design_1_wrapper.hdf
INFO: [Vivado 12-3157] SDK launch initiated. Please check console for any further messages.
exit
INFO: [Common 17-206] Exiting Vivado at Sun Dec 16 21:17:20 2018...
